<?xml version="1.0" encoding="UTF-8"?>
<!-- Generated by org.testng.reporters.JUnitReportReporter -->
<testsuite hostname="Chandramaulis-MacBook-Air.local" failures="0" tests="1" name="TestCases.TestCase" time="10.246" errors="0" timestamp="2023-03-13T09:02:24 CET" skipped="0">
  <testcase classname="TestCases.TestCase" name="login" time="10.246"/>
  <system-out/>
</testsuite> <!-- TestCases.TestCase -->
