<?xml version="1.0" encoding="UTF-8"?>
<!-- Generated by org.testng.reporters.JUnitReportReporter -->
<testsuite skipped="0" hostname="Chandramaulis-MacBook-Air.local" name="TestCases.retriveExtOrganization" tests="1" failures="0" timestamp="13 Mar 2023 07:49:15 GMT" time="5.059" errors="0">
  <testcase name="retriveExtOrg" time="5.059" classname="TestCases.retriveExtOrganization"/>
</testsuite> <!-- TestCases.retriveExtOrganization -->
