<?xml version="1.0" encoding="UTF-8"?>
<!-- Generated by org.testng.reporters.JUnitReportReporter -->
<testsuite skipped="0" hostname="Chandramaulis-MacBook-Air.local" name="TestCases.createExtOrgAndOptionalFilelds" tests="1" failures="0" timestamp="13 Mar 2023 05:50:08 GMT" time="4.383" errors="0">
  <testcase name="createExtOrgandOptionalFilelds" time="4.383" classname="TestCases.createExtOrgAndOptionalFilelds"/>
</testsuite> <!-- TestCases.createExtOrgAndOptionalFilelds -->
