<?xml version="1.0" encoding="UTF-8"?>
<!-- Generated by org.testng.reporters.JUnitReportReporter -->
<testsuite skipped="0" hostname="Chandramaulis-MacBook-Air.local" name="TestCases.TestCase" tests="1" failures="0" timestamp="12 Mar 2023 16:10:05 GMT" time="2.427" errors="0">
  <testcase name="CreateExtOrgandGet" time="2.427" classname="TestCases.TestCase"/>
</testsuite> <!-- TestCases.TestCase -->
