<?xml version="1.0" encoding="UTF-8"?>
<!-- Generated by org.testng.reporters.JUnitReportReporter -->
<testsuite skipped="0" hostname="Chandramaulis-MacBook-Air.local" name="TestCases.test2" tests="1" failures="0" timestamp="12 Mar 2023 15:48:44 GMT" time="5.652" errors="0">
  <testcase name="testcase" time="5.652" classname="TestCases.test2"/>
</testsuite> <!-- TestCases.test2 -->
