<?xml version="1.0" encoding="UTF-8"?>
<!-- Generated by org.testng.reporters.JUnitReportReporter -->
<testsuite skipped="0" hostname="Chandramaulis-MacBook-Air.local" name="TestCases.TestCase2" tests="1" failures="0" timestamp="12 Mar 2023 16:10:28 GMT" time="2.305" errors="0">
  <testcase name="CreateExtOrgandOptionalFileldsandGet" time="2.305" classname="TestCases.TestCase2"/>
</testsuite> <!-- TestCases.TestCase2 -->
