<?xml version="1.0" encoding="UTF-8"?>
<!-- Generated by org.testng.reporters.JUnitReportReporter -->
<testsuite skipped="0" hostname="Chandramaulis-MacBook-Air.local" name="TestCases.TestCase3" tests="1" failures="0" timestamp="12 Mar 2023 16:11:01 GMT" time="3.843" errors="0">
  <testcase name="retriveExtOrg" time="3.843" classname="TestCases.TestCase3"/>
</testsuite> <!-- TestCases.TestCase3 -->
